<?xml version="1.0" encoding="UTF-8"?>
<testng-results skipped="0" failed="0" total="2" passed="2">
  <reporter-output>
  </reporter-output>
  <suite name="test.java.com.albion.RPN.RPNTest" duration-ms="17" started-at="2014-03-25T01:05:21Z" finished-at="2014-03-25T01:05:21Z">
    <groups>
    </groups>
    <test name="Command line test" duration-ms="17" started-at="2014-03-25T01:05:21Z" finished-at="2014-03-25T01:05:21Z">
      <class name="test.java.com.albion.RPN.RPNTest">
        <test-method status="PASS" signature="evalRPN([Ljava.lang.String;, int)" name="evalRPN" duration-ms="8" started-at="2014-03-25T01:05:21Z" finished-at="2014-03-25T01:05:21Z">
          <params>
            <param index="0">
              <value>
                <![CDATA[[Ljava.lang.String;@6093727d]]>
              </value>
            </param>
            <param index="1">
              <value>
                <![CDATA[9]]>
              </value>
            </param>
          </params>
        </test-method>
        <test-method status="PASS" signature="evalRPN([Ljava.lang.String;, int)" name="evalRPN" duration-ms="0" started-at="2014-03-25T01:05:21Z" finished-at="2014-03-25T01:05:21Z">
          <params>
            <param index="0">
              <value>
                <![CDATA[[Ljava.lang.String;@70419e13]]>
              </value>
            </param>
            <param index="1">
              <value>
                <![CDATA[6]]>
              </value>
            </param>
          </params>
        </test-method>
      </class>
    </test>
  </suite>
</testng-results>
