<?xml version="1.0" encoding="UTF-8"?>
<testng-results skipped="0" failed="0" total="2" passed="2">
  <reporter-output>
  </reporter-output>
  <suite name="Default suite" duration-ms="27" started-at="2014-03-25T08:29:17Z" finished-at="2014-03-25T08:29:17Z">
    <groups>
    </groups>
    <test name="Default test" duration-ms="27" started-at="2014-03-25T08:29:17Z" finished-at="2014-03-25T08:29:17Z">
      <class name="test.albion.RPN.RPNTest">
        <test-method status="PASS" signature="evalRPN([Ljava.lang.String;, int)[pri:0, instance:test.albion.RPN.RPNTest@5117f31e]" name="evalRPN" duration-ms="10" started-at="2014-03-25T01:29:17Z" data-provider="data01" finished-at="2014-03-25T01:29:17Z">
          <params>
            <param index="0">
              <value>
                <![CDATA[[Ljava.lang.String;@69b1fbf4]]>
              </value>
            </param>
            <param index="1">
              <value>
                <![CDATA[9]]>
              </value>
            </param>
          </params>
          <reporter-output>
          </reporter-output>
        </test-method> <!-- evalRPN -->
        <test-method status="PASS" signature="evalRPN([Ljava.lang.String;, int)[pri:0, instance:test.albion.RPN.RPNTest@5117f31e]" name="evalRPN" duration-ms="0" started-at="2014-03-25T01:29:17Z" data-provider="data01" finished-at="2014-03-25T01:29:17Z">
          <params>
            <param index="0">
              <value>
                <![CDATA[[Ljava.lang.String;@24148662]]>
              </value>
            </param>
            <param index="1">
              <value>
                <![CDATA[6]]>
              </value>
            </param>
          </params>
          <reporter-output>
          </reporter-output>
        </test-method> <!-- evalRPN -->
      </class> <!-- test.albion.RPN.RPNTest -->
    </test> <!-- Default test -->
  </suite> <!-- Default suite -->
</testng-results>
